0 info it worked if it ends with ok
1 verbose cli [ '/Users/gin/.node/bin/node',
1 verbose cli   '/Users/gin/.node/bin/npm',
1 verbose cli   'run',
1 verbose cli   'watch' ]
2 info using npm@3.10.6
3 info using node@v4.4.7
4 verbose stack Error: missing script: watch
4 verbose stack     at run (/Users/gin/.node/lib/node_modules/npm/lib/run-script.js:151:19)
4 verbose stack     at /Users/gin/.node/lib/node_modules/npm/lib/run-script.js:61:5
4 verbose stack     at /Users/gin/.node/lib/node_modules/npm/node_modules/read-package-json/read-json.js:356:5
4 verbose stack     at checkBinReferences_ (/Users/gin/.node/lib/node_modules/npm/node_modules/read-package-json/read-json.js:320:45)
4 verbose stack     at final (/Users/gin/.node/lib/node_modules/npm/node_modules/read-package-json/read-json.js:354:3)
4 verbose stack     at then (/Users/gin/.node/lib/node_modules/npm/node_modules/read-package-json/read-json.js:124:5)
4 verbose stack     at /Users/gin/.node/lib/node_modules/npm/node_modules/read-package-json/read-json.js:311:12
4 verbose stack     at /Users/gin/.node/lib/node_modules/npm/node_modules/graceful-fs/graceful-fs.js:78:16
4 verbose stack     at FSReqWrap.readFileAfterClose [as oncomplete] (fs.js:380:3)
5 verbose cwd /Users/gin/Documents/CF/401/eventure/eventure-server
6 error Darwin 15.6.0
7 error argv "/Users/gin/.node/bin/node" "/Users/gin/.node/bin/npm" "run" "watch"
8 error node v4.4.7
9 error npm  v3.10.6
10 error missing script: watch
11 error If you need help, you may report this error at:
11 error     <https://github.com/npm/npm/issues>
12 verbose exit [ 1, true ]
